[35m[1mScanning dependencies of target _bd1_train_generate_messages_check_deps_SaveAgent[0m
[  0%] Built target _bd1_train_generate_messages_check_deps_SaveAgent
[35m[1mScanning dependencies of target std_msgs_generate_messages_cpp[0m
[  0%] Built target std_msgs_generate_messages_cpp
[35m[1mScanning dependencies of target std_msgs_generate_messages_py[0m
[  0%] Built target std_msgs_generate_messages_py
[35m[1mScanning dependencies of target std_msgs_generate_messages_nodejs[0m
[  0%] Built target std_msgs_generate_messages_nodejs
[35m[1mScanning dependencies of target std_msgs_generate_messages_lisp[0m
[  0%] Built target std_msgs_generate_messages_lisp
[35m[1mScanning dependencies of target std_msgs_generate_messages_eus[0m
[  0%] Built target std_msgs_generate_messages_eus
[35m[1mScanning dependencies of target bd1_train_generate_messages_cpp[0m
[ 14%] [34m[1mGenerating C++ code from bd1_train/SaveAgent.srv[0m
[35m[1mScanning dependencies of target bd1_train_generate_messages_py[0m
[35m[1mScanning dependencies of target bd1_train_generate_messages_nodejs[0m
[ 28%] [34m[1mGenerating Python code from SRV bd1_train/SaveAgent[0m
[ 42%] [34m[1mGenerating Javascript code from bd1_train/SaveAgent.srv[0m
[ 42%] Built target bd1_train_generate_messages_nodejs
[ 42%] Built target bd1_train_generate_messages_cpp
[ 57%] [34m[1mGenerating Python srv __init__.py for bd1_train[0m
[ 57%] Built target bd1_train_generate_messages_py
[35m[1mScanning dependencies of target bd1_train_generate_messages_lisp[0m
[ 71%] [34m[1mGenerating Lisp code from bd1_train/SaveAgent.srv[0m
[ 71%] Built target bd1_train_generate_messages_lisp
[35m[1mScanning dependencies of target bd1_train_generate_messages_eus[0m
[ 85%] [34m[1mGenerating EusLisp code from bd1_train/SaveAgent.srv[0m
[100%] [34m[1mGenerating EusLisp manifest code for bd1_train[0m
[100%] Built target bd1_train_generate_messages_eus
[35m[1mScanning dependencies of target bd1_train_generate_messages[0m
[100%] Built target bd1_train_generate_messages
