Symlinking /home/trax/personal-projects/bd1-2/devel/share/gennodejs/ros/bd1_train/_index.js
Symlinking /home/trax/personal-projects/bd1-2/devel/share/gennodejs/ros/bd1_train/srv/SaveAgent.js
Symlinking /home/trax/personal-projects/bd1-2/devel/share/gennodejs/ros/bd1_train/srv/_index.js
Symlinking /home/trax/personal-projects/bd1-2/devel/share/roseus/ros/bd1_train/manifest.l
Symlinking /home/trax/personal-projects/bd1-2/devel/share/roseus/ros/bd1_train/srv/SaveAgent.l
Symlinking /home/trax/personal-projects/bd1-2/devel/share/bd1_train/cmake/bd1_train-msg-extras.cmake
Symlinking /home/trax/personal-projects/bd1-2/devel/share/bd1_train/cmake/bd1_trainConfig-version.cmake
Symlinking /home/trax/personal-projects/bd1-2/devel/share/bd1_train/cmake/bd1_trainConfig.cmake
Symlinking /home/trax/personal-projects/bd1-2/devel/share/bd1_train/cmake/bd1_train-msg-paths.cmake
Symlinking /home/trax/personal-projects/bd1-2/devel/share/common-lisp/ros/bd1_train/srv/_package_SaveAgent.lisp
Symlinking /home/trax/personal-projects/bd1-2/devel/share/common-lisp/ros/bd1_train/srv/_package.lisp
Symlinking /home/trax/personal-projects/bd1-2/devel/share/common-lisp/ros/bd1_train/srv/SaveAgent.lisp
Symlinking /home/trax/personal-projects/bd1-2/devel/share/common-lisp/ros/bd1_train/srv/bd1_train-srv.asd
Symlinking /home/trax/personal-projects/bd1-2/devel/lib/bd1_train/cmake.lock
Symlinking /home/trax/personal-projects/bd1-2/devel/lib/bd1_train/standup_train.py
Symlinking /home/trax/personal-projects/bd1-2/devel/lib/bd1_train/standup_train_ppo.py
Symlinking /home/trax/personal-projects/bd1-2/devel/lib/pkgconfig/bd1_train.pc
Symlinking /home/trax/personal-projects/bd1-2/devel/lib/python3/dist-packages/bd1_train/__init__.py
Symlinking /home/trax/personal-projects/bd1-2/devel/lib/python3/dist-packages/bd1_train/srv/__init__.py
Symlinking /home/trax/personal-projects/bd1-2/devel/lib/python3/dist-packages/bd1_train/srv/_SaveAgent.py
Symlinking /home/trax/personal-projects/bd1-2/devel/include/bd1_train/SaveAgentResponse.h
Symlinking /home/trax/personal-projects/bd1-2/devel/include/bd1_train/SaveAgent.h
Symlinking /home/trax/personal-projects/bd1-2/devel/include/bd1_train/SaveAgentRequest.h
