[35m[1mScanning dependencies of target _bd1_simple_moves_generate_messages_check_deps_SetLegs[0m
[  0%] Built target _bd1_simple_moves_generate_messages_check_deps_SetLegs
[35m[1mScanning dependencies of target std_msgs_generate_messages_cpp[0m
[  0%] Built target std_msgs_generate_messages_cpp
[35m[1mScanning dependencies of target std_msgs_generate_messages_nodejs[0m
[  0%] Built target std_msgs_generate_messages_nodejs
[35m[1mScanning dependencies of target std_msgs_generate_messages_py[0m
[  0%] Built target std_msgs_generate_messages_py
[35m[1mScanning dependencies of target std_msgs_generate_messages_lisp[0m
[  0%] Built target std_msgs_generate_messages_lisp
[35m[1mScanning dependencies of target std_msgs_generate_messages_eus[0m
[  0%] Built target std_msgs_generate_messages_eus
[35m[1mScanning dependencies of target bd1_simple_moves_generate_messages_cpp[0m
[ 14%] [34m[1mGenerating C++ code from bd1_simple_moves/SetLegs.srv[0m
[35m[1mScanning dependencies of target bd1_simple_moves_generate_messages_nodejs[0m
[ 28%] [34m[1mGenerating Javascript code from bd1_simple_moves/SetLegs.srv[0m
[ 28%] Built target bd1_simple_moves_generate_messages_nodejs
[35m[1mScanning dependencies of target bd1_simple_moves_generate_messages_py[0m
[ 42%] [34m[1mGenerating Python code from SRV bd1_simple_moves/SetLegs[0m
[ 42%] Built target bd1_simple_moves_generate_messages_cpp
[35m[1mScanning dependencies of target bd1_simple_moves_generate_messages_lisp[0m
[ 57%] [34m[1mGenerating Lisp code from bd1_simple_moves/SetLegs.srv[0m
[ 57%] Built target bd1_simple_moves_generate_messages_lisp
[ 71%] [34m[1mGenerating Python srv __init__.py for bd1_simple_moves[0m
[ 71%] Built target bd1_simple_moves_generate_messages_py
[35m[1mScanning dependencies of target bd1_simple_moves_generate_messages_eus[0m
[ 85%] [34m[1mGenerating EusLisp code from bd1_simple_moves/SetLegs.srv[0m
[100%] [34m[1mGenerating EusLisp manifest code for bd1_simple_moves[0m
[100%] Built target bd1_simple_moves_generate_messages_eus
[35m[1mScanning dependencies of target bd1_simple_moves_generate_messages[0m
[100%] Built target bd1_simple_moves_generate_messages
