Symlinking /home/trax/personal-projects/bd1-2/devel/share/gennodejs/ros/bd1_simple_moves/_index.js
Symlinking /home/trax/personal-projects/bd1-2/devel/share/gennodejs/ros/bd1_simple_moves/srv/_index.js
Symlinking /home/trax/personal-projects/bd1-2/devel/share/gennodejs/ros/bd1_simple_moves/srv/SetLegs.js
Symlinking /home/trax/personal-projects/bd1-2/devel/share/roseus/ros/bd1_simple_moves/manifest.l
Symlinking /home/trax/personal-projects/bd1-2/devel/share/roseus/ros/bd1_simple_moves/srv/SetLegs.l
Symlinking /home/trax/personal-projects/bd1-2/devel/share/common-lisp/ros/bd1_simple_moves/srv/bd1_simple_moves-srv.asd
Symlinking /home/trax/personal-projects/bd1-2/devel/share/common-lisp/ros/bd1_simple_moves/srv/_package.lisp
Symlinking /home/trax/personal-projects/bd1-2/devel/share/common-lisp/ros/bd1_simple_moves/srv/_package_SetLegs.lisp
Symlinking /home/trax/personal-projects/bd1-2/devel/share/common-lisp/ros/bd1_simple_moves/srv/SetLegs.lisp
Symlinking /home/trax/personal-projects/bd1-2/devel/share/bd1_simple_moves/cmake/bd1_simple_movesConfig-version.cmake
Symlinking /home/trax/personal-projects/bd1-2/devel/share/bd1_simple_moves/cmake/bd1_simple_movesConfig.cmake
Symlinking /home/trax/personal-projects/bd1-2/devel/share/bd1_simple_moves/cmake/bd1_simple_moves-msg-paths.cmake
Symlinking /home/trax/personal-projects/bd1-2/devel/share/bd1_simple_moves/cmake/bd1_simple_moves-msg-extras.cmake
Symlinking /home/trax/personal-projects/bd1-2/devel/lib/pkgconfig/bd1_simple_moves.pc
Symlinking /home/trax/personal-projects/bd1-2/devel/lib/bd1_simple_moves/cmake.lock
Symlinking /home/trax/personal-projects/bd1-2/devel/lib/bd1_simple_moves/basic_moves.py
Symlinking /home/trax/personal-projects/bd1-2/devel/lib/python3/dist-packages/bd1_simple_moves/__init__.py
Symlinking /home/trax/personal-projects/bd1-2/devel/lib/python3/dist-packages/bd1_simple_moves/srv/__init__.py
Symlinking /home/trax/personal-projects/bd1-2/devel/lib/python3/dist-packages/bd1_simple_moves/srv/_SetLegs.py
Symlinking /home/trax/personal-projects/bd1-2/devel/include/bd1_simple_moves/SetLegsResponse.h
Symlinking /home/trax/personal-projects/bd1-2/devel/include/bd1_simple_moves/SetLegs.h
Symlinking /home/trax/personal-projects/bd1-2/devel/include/bd1_simple_moves/SetLegsRequest.h
