Symlinking /home/trax/personal-projects/bd1-2/devel/share/gennodejs/ros/bd1_gazebo_env_interface/_index.js
Symlinking /home/trax/personal-projects/bd1-2/devel/share/gennodejs/ros/bd1_gazebo_env_interface/srv/Step.js
Symlinking /home/trax/personal-projects/bd1-2/devel/share/gennodejs/ros/bd1_gazebo_env_interface/srv/_index.js
Symlinking /home/trax/personal-projects/bd1-2/devel/share/gennodejs/ros/bd1_gazebo_env_interface/srv/Reset.js
Symlinking /home/trax/personal-projects/bd1-2/devel/share/roseus/ros/bd1_gazebo_env_interface/manifest.l
Symlinking /home/trax/personal-projects/bd1-2/devel/share/roseus/ros/bd1_gazebo_env_interface/srv/Reset.l
Symlinking /home/trax/personal-projects/bd1-2/devel/share/roseus/ros/bd1_gazebo_env_interface/srv/Step.l
Symlinking /home/trax/personal-projects/bd1-2/devel/share/bd1_gazebo_env_interface/cmake/bd1_gazebo_env_interface-msg-extras.cmake
Symlinking /home/trax/personal-projects/bd1-2/devel/share/bd1_gazebo_env_interface/cmake/bd1_gazebo_env_interfaceConfig-version.cmake
Symlinking /home/trax/personal-projects/bd1-2/devel/share/bd1_gazebo_env_interface/cmake/bd1_gazebo_env_interface-msg-paths.cmake
Symlinking /home/trax/personal-projects/bd1-2/devel/share/bd1_gazebo_env_interface/cmake/bd1_gazebo_env_interfaceConfig.cmake
Symlinking /home/trax/personal-projects/bd1-2/devel/share/common-lisp/ros/bd1_gazebo_env_interface/srv/Reset.lisp
Symlinking /home/trax/personal-projects/bd1-2/devel/share/common-lisp/ros/bd1_gazebo_env_interface/srv/_package_Reset.lisp
Symlinking /home/trax/personal-projects/bd1-2/devel/share/common-lisp/ros/bd1_gazebo_env_interface/srv/_package_Step.lisp
Symlinking /home/trax/personal-projects/bd1-2/devel/share/common-lisp/ros/bd1_gazebo_env_interface/srv/bd1_gazebo_env_interface-srv.asd
Symlinking /home/trax/personal-projects/bd1-2/devel/share/common-lisp/ros/bd1_gazebo_env_interface/srv/_package.lisp
Symlinking /home/trax/personal-projects/bd1-2/devel/share/common-lisp/ros/bd1_gazebo_env_interface/srv/Step.lisp
Symlinking /home/trax/personal-projects/bd1-2/devel/lib/pkgconfig/bd1_gazebo_env_interface.pc
Symlinking /home/trax/personal-projects/bd1-2/devel/lib/bd1_gazebo_env_interface/cmake.lock
Symlinking /home/trax/personal-projects/bd1-2/devel/lib/bd1_gazebo_env_interface/simple_standup_gazebo_environment_inteface.py
Symlinking /home/trax/personal-projects/bd1-2/devel/lib/python3/dist-packages/bd1_gazebo_env_interface/__init__.py
Symlinking /home/trax/personal-projects/bd1-2/devel/lib/python3/dist-packages/bd1_gazebo_env_interface/srv/__init__.py
Symlinking /home/trax/personal-projects/bd1-2/devel/lib/python3/dist-packages/bd1_gazebo_env_interface/srv/_Reset.py
Symlinking /home/trax/personal-projects/bd1-2/devel/lib/python3/dist-packages/bd1_gazebo_env_interface/srv/_Step.py
Symlinking /home/trax/personal-projects/bd1-2/devel/include/bd1_gazebo_env_interface/Step.h
Symlinking /home/trax/personal-projects/bd1-2/devel/include/bd1_gazebo_env_interface/ResetRequest.h
Symlinking /home/trax/personal-projects/bd1-2/devel/include/bd1_gazebo_env_interface/Reset.h
Symlinking /home/trax/personal-projects/bd1-2/devel/include/bd1_gazebo_env_interface/ResetResponse.h
Symlinking /home/trax/personal-projects/bd1-2/devel/include/bd1_gazebo_env_interface/StepResponse.h
Symlinking /home/trax/personal-projects/bd1-2/devel/include/bd1_gazebo_env_interface/StepRequest.h
