[35m[1mScanning dependencies of target _bd1_gazebo_env_interface_generate_messages_check_deps_Reset[0m
[35m[1mScanning dependencies of target std_msgs_generate_messages_py[0m
[35m[1mScanning dependencies of target _bd1_gazebo_env_interface_generate_messages_check_deps_Step[0m
[  0%] Built target std_msgs_generate_messages_py
[35m[1mScanning dependencies of target std_msgs_generate_messages_cpp[0m
[35m[1mScanning dependencies of target std_msgs_generate_messages_eus[0m
[  0%] Built target std_msgs_generate_messages_cpp
[  0%] Built target std_msgs_generate_messages_eus
[35m[1mScanning dependencies of target std_msgs_generate_messages_lisp[0m
[  0%] Built target _bd1_gazebo_env_interface_generate_messages_check_deps_Step
[  0%] Built target _bd1_gazebo_env_interface_generate_messages_check_deps_Reset
[35m[1mScanning dependencies of target std_msgs_generate_messages_nodejs[0m
[  0%] Built target std_msgs_generate_messages_lisp
[35m[1mScanning dependencies of target bd1_gazebo_env_interface_generate_messages_cpp[0m
[35m[1mScanning dependencies of target bd1_gazebo_env_interface_generate_messages_py[0m
[  0%] Built target std_msgs_generate_messages_nodejs
[35m[1mScanning dependencies of target bd1_gazebo_env_interface_generate_messages_eus[0m
[  8%] [34m[1mGenerating C++ code from bd1_gazebo_env_interface/Step.srv[0m
[ 16%] [34m[1mGenerating Python code from SRV bd1_gazebo_env_interface/Step[0m
[ 25%] [34m[1mGenerating C++ code from bd1_gazebo_env_interface/Reset.srv[0m
[ 33%] [34m[1mGenerating EusLisp code from bd1_gazebo_env_interface/Step.srv[0m
[ 41%] [34m[1mGenerating EusLisp code from bd1_gazebo_env_interface/Reset.srv[0m
[ 50%] [34m[1mGenerating Python code from SRV bd1_gazebo_env_interface/Reset[0m
[ 58%] [34m[1mGenerating EusLisp manifest code for bd1_gazebo_env_interface[0m
[35m[1mScanning dependencies of target bd1_gazebo_env_interface_generate_messages_lisp[0m
[ 66%] [34m[1mGenerating Lisp code from bd1_gazebo_env_interface/Step.srv[0m
[ 66%] Built target bd1_gazebo_env_interface_generate_messages_cpp
[ 75%] [34m[1mGenerating Lisp code from bd1_gazebo_env_interface/Reset.srv[0m
[ 75%] Built target bd1_gazebo_env_interface_generate_messages_lisp
[ 83%] [34m[1mGenerating Python srv __init__.py for bd1_gazebo_env_interface[0m
[35m[1mScanning dependencies of target bd1_gazebo_env_interface_generate_messages_nodejs[0m
[ 91%] [34m[1mGenerating Javascript code from bd1_gazebo_env_interface/Step.srv[0m
[100%] [34m[1mGenerating Javascript code from bd1_gazebo_env_interface/Reset.srv[0m
[100%] Built target bd1_gazebo_env_interface_generate_messages_py
[100%] Built target bd1_gazebo_env_interface_generate_messages_nodejs
[100%] Built target bd1_gazebo_env_interface_generate_messages_eus
[35m[1mScanning dependencies of target bd1_gazebo_env_interface_generate_messages[0m
[100%] Built target bd1_gazebo_env_interface_generate_messages
