Symlinking /home/trax/personal-projects/bd1-2/devel/share/gennodejs/ros/bd1_environment_interface/_index.js
Symlinking /home/trax/personal-projects/bd1-2/devel/share/gennodejs/ros/bd1_environment_interface/msg/_index.js
Symlinking /home/trax/personal-projects/bd1-2/devel/share/gennodejs/ros/bd1_environment_interface/msg/State.js
Symlinking /home/trax/personal-projects/bd1-2/devel/share/gennodejs/ros/bd1_environment_interface/srv/SetAction.js
Symlinking /home/trax/personal-projects/bd1-2/devel/share/gennodejs/ros/bd1_environment_interface/srv/_index.js
Symlinking /home/trax/personal-projects/bd1-2/devel/share/gennodejs/ros/bd1_environment_interface/srv/SetVectAction.js
Symlinking /home/trax/personal-projects/bd1-2/devel/share/gennodejs/ros/bd1_environment_interface/srv/GetStateAndReward.js
Symlinking /home/trax/personal-projects/bd1-2/devel/share/gennodejs/ros/bd1_environment_interface/srv/GetVectStateAndReward.js
Symlinking /home/trax/personal-projects/bd1-2/devel/share/roseus/ros/bd1_environment_interface/manifest.l
Symlinking /home/trax/personal-projects/bd1-2/devel/share/roseus/ros/bd1_environment_interface/msg/State.l
Symlinking /home/trax/personal-projects/bd1-2/devel/share/roseus/ros/bd1_environment_interface/srv/GetStateAndReward.l
Symlinking /home/trax/personal-projects/bd1-2/devel/share/roseus/ros/bd1_environment_interface/srv/GetVectStateAndReward.l
Symlinking /home/trax/personal-projects/bd1-2/devel/share/roseus/ros/bd1_environment_interface/srv/SetAction.l
Symlinking /home/trax/personal-projects/bd1-2/devel/share/roseus/ros/bd1_environment_interface/srv/SetVectAction.l
Symlinking /home/trax/personal-projects/bd1-2/devel/share/common-lisp/ros/bd1_environment_interface/msg/bd1_environment_interface-msg.asd
Symlinking /home/trax/personal-projects/bd1-2/devel/share/common-lisp/ros/bd1_environment_interface/msg/State.lisp
Symlinking /home/trax/personal-projects/bd1-2/devel/share/common-lisp/ros/bd1_environment_interface/msg/_package.lisp
Symlinking /home/trax/personal-projects/bd1-2/devel/share/common-lisp/ros/bd1_environment_interface/msg/_package_State.lisp
Symlinking /home/trax/personal-projects/bd1-2/devel/share/common-lisp/ros/bd1_environment_interface/srv/SetAction.lisp
Symlinking /home/trax/personal-projects/bd1-2/devel/share/common-lisp/ros/bd1_environment_interface/srv/SetVectAction.lisp
Symlinking /home/trax/personal-projects/bd1-2/devel/share/common-lisp/ros/bd1_environment_interface/srv/bd1_environment_interface-srv.asd
Symlinking /home/trax/personal-projects/bd1-2/devel/share/common-lisp/ros/bd1_environment_interface/srv/_package_GetStateAndReward.lisp
Symlinking /home/trax/personal-projects/bd1-2/devel/share/common-lisp/ros/bd1_environment_interface/srv/GetStateAndReward.lisp
Symlinking /home/trax/personal-projects/bd1-2/devel/share/common-lisp/ros/bd1_environment_interface/srv/_package_SetVectAction.lisp
Symlinking /home/trax/personal-projects/bd1-2/devel/share/common-lisp/ros/bd1_environment_interface/srv/_package_SetAction.lisp
Symlinking /home/trax/personal-projects/bd1-2/devel/share/common-lisp/ros/bd1_environment_interface/srv/_package.lisp
Symlinking /home/trax/personal-projects/bd1-2/devel/share/common-lisp/ros/bd1_environment_interface/srv/_package_GetVectStateAndReward.lisp
Symlinking /home/trax/personal-projects/bd1-2/devel/share/common-lisp/ros/bd1_environment_interface/srv/GetVectStateAndReward.lisp
Symlinking /home/trax/personal-projects/bd1-2/devel/share/bd1_environment_interface/cmake/bd1_environment_interface-msg-paths.cmake
Symlinking /home/trax/personal-projects/bd1-2/devel/share/bd1_environment_interface/cmake/bd1_environment_interfaceConfig-version.cmake
Symlinking /home/trax/personal-projects/bd1-2/devel/share/bd1_environment_interface/cmake/bd1_environment_interfaceConfig.cmake
Symlinking /home/trax/personal-projects/bd1-2/devel/share/bd1_environment_interface/cmake/bd1_environment_interface-msg-extras.cmake
Symlinking /home/trax/personal-projects/bd1-2/devel/lib/pkgconfig/bd1_environment_interface.pc
Symlinking /home/trax/personal-projects/bd1-2/devel/lib/bd1_environment_interface/env_iface_standup.py
Symlinking /home/trax/personal-projects/bd1-2/devel/lib/bd1_environment_interface/cmake.lock
Symlinking /home/trax/personal-projects/bd1-2/devel/lib/python3/dist-packages/bd1_environment_interface/__init__.py
Symlinking /home/trax/personal-projects/bd1-2/devel/lib/python3/dist-packages/bd1_environment_interface/msg/__init__.py
Symlinking /home/trax/personal-projects/bd1-2/devel/lib/python3/dist-packages/bd1_environment_interface/msg/_State.py
Symlinking /home/trax/personal-projects/bd1-2/devel/lib/python3/dist-packages/bd1_environment_interface/srv/__init__.py
Symlinking /home/trax/personal-projects/bd1-2/devel/lib/python3/dist-packages/bd1_environment_interface/srv/_SetAction.py
Symlinking /home/trax/personal-projects/bd1-2/devel/lib/python3/dist-packages/bd1_environment_interface/srv/_SetVectAction.py
Symlinking /home/trax/personal-projects/bd1-2/devel/lib/python3/dist-packages/bd1_environment_interface/srv/_GetVectStateAndReward.py
Symlinking /home/trax/personal-projects/bd1-2/devel/lib/python3/dist-packages/bd1_environment_interface/srv/_GetStateAndReward.py
Symlinking /home/trax/personal-projects/bd1-2/devel/include/bd1_environment_interface/SetVectAction.h
Symlinking /home/trax/personal-projects/bd1-2/devel/include/bd1_environment_interface/GetVectStateAndReward.h
Symlinking /home/trax/personal-projects/bd1-2/devel/include/bd1_environment_interface/SetVectActionRequest.h
Symlinking /home/trax/personal-projects/bd1-2/devel/include/bd1_environment_interface/SetVectActionResponse.h
Symlinking /home/trax/personal-projects/bd1-2/devel/include/bd1_environment_interface/GetStateAndRewardRequest.h
Symlinking /home/trax/personal-projects/bd1-2/devel/include/bd1_environment_interface/GetStateAndReward.h
Symlinking /home/trax/personal-projects/bd1-2/devel/include/bd1_environment_interface/SetAction.h
Symlinking /home/trax/personal-projects/bd1-2/devel/include/bd1_environment_interface/GetStateAndRewardResponse.h
Symlinking /home/trax/personal-projects/bd1-2/devel/include/bd1_environment_interface/SetActionResponse.h
Symlinking /home/trax/personal-projects/bd1-2/devel/include/bd1_environment_interface/State.h
Symlinking /home/trax/personal-projects/bd1-2/devel/include/bd1_environment_interface/GetVectStateAndRewardResponse.h
Symlinking /home/trax/personal-projects/bd1-2/devel/include/bd1_environment_interface/GetVectStateAndRewardRequest.h
Symlinking /home/trax/personal-projects/bd1-2/devel/include/bd1_environment_interface/SetActionRequest.h
