[35m[1mScanning dependencies of target _bd1_environment_interface_generate_messages_check_deps_GetStateAndReward[0m
[35m[1mScanning dependencies of target std_msgs_generate_messages_py[0m
[  0%] Built target std_msgs_generate_messages_py
[35m[1mScanning dependencies of target _bd1_environment_interface_generate_messages_check_deps_State[0m
[  0%] Built target _bd1_environment_interface_generate_messages_check_deps_GetStateAndReward
[35m[1mScanning dependencies of target _bd1_environment_interface_generate_messages_check_deps_SetAction[0m
[  0%] Built target _bd1_environment_interface_generate_messages_check_deps_State
[35m[1mScanning dependencies of target _bd1_environment_interface_generate_messages_check_deps_SetVectAction[0m
[  0%] Built target _bd1_environment_interface_generate_messages_check_deps_SetAction
[35m[1mScanning dependencies of target _bd1_environment_interface_generate_messages_check_deps_GetVectStateAndReward[0m
[  0%] Built target _bd1_environment_interface_generate_messages_check_deps_SetVectAction
[35m[1mScanning dependencies of target std_msgs_generate_messages_nodejs[0m
[  0%] Built target _bd1_environment_interface_generate_messages_check_deps_GetVectStateAndReward
[  0%] Built target std_msgs_generate_messages_nodejs
[35m[1mScanning dependencies of target std_msgs_generate_messages_lisp[0m
[  0%] Built target std_msgs_generate_messages_lisp
[35m[1mScanning dependencies of target std_msgs_generate_messages_cpp[0m
[  0%] Built target std_msgs_generate_messages_cpp
[35m[1mScanning dependencies of target std_msgs_generate_messages_eus[0m
[  0%] Built target std_msgs_generate_messages_eus
[35m[1mScanning dependencies of target bd1_environment_interface_generate_messages_py[0m
[  3%] [34m[1mGenerating Python from MSG bd1_environment_interface/State[0m
[35m[1mScanning dependencies of target bd1_environment_interface_generate_messages_nodejs[0m
[  7%] [34m[1mGenerating Javascript code from bd1_environment_interface/State.msg[0m
[ 10%] [34m[1mGenerating Javascript code from bd1_environment_interface/SetAction.srv[0m
[ 14%] [34m[1mGenerating Javascript code from bd1_environment_interface/GetStateAndReward.srv[0m
[ 17%] [34m[1mGenerating Javascript code from bd1_environment_interface/SetVectAction.srv[0m
[ 21%] [34m[1mGenerating Javascript code from bd1_environment_interface/GetVectStateAndReward.srv[0m
[ 25%] [34m[1mGenerating Python code from SRV bd1_environment_interface/SetAction[0m
[ 25%] Built target bd1_environment_interface_generate_messages_nodejs
[35m[1mScanning dependencies of target bd1_environment_interface_generate_messages_lisp[0m
[35m[1mScanning dependencies of target bd1_environment_interface_generate_messages_cpp[0m
[ 28%] [34m[1mGenerating Lisp code from bd1_environment_interface/State.msg[0m
[ 32%] [34m[1mGenerating C++ code from bd1_environment_interface/State.msg[0m
[ 35%] [34m[1mGenerating Lisp code from bd1_environment_interface/SetAction.srv[0m
[ 39%] [34m[1mGenerating C++ code from bd1_environment_interface/SetAction.srv[0m
[ 42%] [34m[1mGenerating C++ code from bd1_environment_interface/SetVectAction.srv[0m
[ 46%] [34m[1mGenerating Lisp code from bd1_environment_interface/SetVectAction.srv[0m
[ 50%] [34m[1mGenerating Lisp code from bd1_environment_interface/GetStateAndReward.srv[0m
[ 53%] [34m[1mGenerating Python code from SRV bd1_environment_interface/SetVectAction[0m
[ 57%] [34m[1mGenerating Lisp code from bd1_environment_interface/GetVectStateAndReward.srv[0m
[ 60%] [34m[1mGenerating C++ code from bd1_environment_interface/GetStateAndReward.srv[0m
[ 60%] Built target bd1_environment_interface_generate_messages_lisp
[35m[1mScanning dependencies of target bd1_environment_interface_generate_messages_eus[0m
[ 64%] [34m[1mGenerating Python code from SRV bd1_environment_interface/GetStateAndReward[0m
[ 67%] [34m[1mGenerating Python code from SRV bd1_environment_interface/GetVectStateAndReward[0m
[ 71%] [34m[1mGenerating EusLisp code from bd1_environment_interface/State.msg[0m
[ 75%] [34m[1mGenerating EusLisp code from bd1_environment_interface/SetAction.srv[0m
[ 78%] [34m[1mGenerating EusLisp code from bd1_environment_interface/SetVectAction.srv[0m
[ 82%] [34m[1mGenerating C++ code from bd1_environment_interface/GetVectStateAndReward.srv[0m
[ 85%] [34m[1mGenerating EusLisp code from bd1_environment_interface/GetStateAndReward.srv[0m
[ 89%] [34m[1mGenerating Python msg __init__.py for bd1_environment_interface[0m
[ 92%] [34m[1mGenerating EusLisp code from bd1_environment_interface/GetVectStateAndReward.srv[0m
[ 96%] [34m[1mGenerating EusLisp manifest code for bd1_environment_interface[0m
[100%] [34m[1mGenerating Python srv __init__.py for bd1_environment_interface[0m
[100%] Built target bd1_environment_interface_generate_messages_cpp
[100%] Built target bd1_environment_interface_generate_messages_py
[100%] Built target bd1_environment_interface_generate_messages_eus
[35m[1mScanning dependencies of target bd1_environment_interface_generate_messages[0m
[100%] Built target bd1_environment_interface_generate_messages
